<?xml version="1.0" encoding="UTF-8"?>
<!-- Generated by org.testng.reporters.JUnitXMLReporter -->
<testsuite ignored="0" hostname="AT-NB-THILINIW2" failures="0" tests="2" name="Default test" time="24.722" errors="0" timestamp="08 Nov 2022 14:39:09 GMT">
  <testcase classname="com.actitime.qa.testcases.HomePageTest" name="homePageLogoTest" time="3.775"/>
  <testcase classname="com.actitime.qa.testcases.HomePageTest" name="homePageTaskLinkTest" time="5.271"/>
</testsuite> <!-- Default test -->
